#
# There is insufficient memory for the Java Runtime Environment to continue.
# Native memory allocation (mmap) failed to map 268435456 bytes for G1 virtual space
# Possible reasons:
#   The system is out of physical RAM or swap space
#   The process is running with CompressedOops enabled, and the Java Heap may be blocking the growth of the native heap
# Possible solutions:
#   Reduce memory load on the system
#   Increase physical memory or swap space
#   Check if swap backing store is full
#   Decrease Java heap size (-Xmx/-Xms)
#   Decrease number of Java threads
#   Decrease Java thread stack sizes (-Xss)
#   Set larger code cache with -XX:ReservedCodeCacheSize=
#   JVM is running with Zero Based Compressed Oops mode in which the Java heap is
#     placed in the first 32GB address space. The Java Heap base address is the
#     maximum limit for the native heap growth. Please use -XX:HeapBaseMinAddress
#     to set the Java Heap base and to place the Java Heap above 32GB virtual address.
# This output file may be truncated or incomplete.
#
#  Out of Memory Error (os_windows.cpp:3469), pid=11812, tid=10904
#
# JRE version:  (17.0.1+12) (build )
# Java VM: OpenJDK 64-Bit Server VM (17.0.1+12-39, mixed mode, emulated-client, sharing, tiered, compressed oops, compressed class ptrs, g1 gc, windows-amd64)
# No core dump will be written. Minidumps are not enabled by default on client versions of Windows
#

---------------  S U M M A R Y ------------

Command Line: -XX:TieredStopAtLevel=1 -Xverify:none -Dspring.output.ansi.enabled=always -javaagent:D:\Idea\IntelliJ IDEA 2021.1.1\lib\idea_rt.jar=40855:D:\Idea\IntelliJ IDEA 2021.1.1\bin -Dcom.sun.management.jmxremote -Dspring.jmx.enabled=true -Dspring.liveBeansView.mbeanDomain -Dspring.application.admin.enabled=true -Dfile.encoding=UTF-8 com.video.manager.videoManager.VideoManagerApplication

Host: Intel(R) Core(TM) i7-8550U CPU @ 1.80GHz, 8 cores, 15G,  Windows 10 , 64 bit Build 17134 (10.0.17134.1)
Time: Sun Dec 19 20:54:37 2021 中国标准时间 elapsed time: 0.253026 seconds (0d 0h 0m 0s)

---------------  T H R E A D  ---------------

Current thread (0x0000020a022e99e0):  JavaThread "Unknown thread" [_thread_in_vm, id=10904, stack(0x000000abf1900000,0x000000abf1a00000)]

Stack: [0x000000abf1900000,0x000000abf1a00000]
Native frames: (J=compiled Java code, j=interpreted, Vv=VM code, C=native code)
V  [jvm.dll+0x66fa1a]
V  [jvm.dll+0x7ce5a4]
V  [jvm.dll+0x7cfd4e]
V  [jvm.dll+0x7d03b3]
V  [jvm.dll+0x242b05]
V  [jvm.dll+0x66ca39]
V  [jvm.dll+0x661502]
V  [jvm.dll+0x30081b]
V  [jvm.dll+0x307da6]
V  [jvm.dll+0x357a1e]
V  [jvm.dll+0x357c4f]
V  [jvm.dll+0x2d7ad8]
V  [jvm.dll+0x2d8a44]
V  [jvm.dll+0x7a01e1]
V  [jvm.dll+0x365791]
V  [jvm.dll+0x77f6cc]
V  [jvm.dll+0x3e812f]
V  [jvm.dll+0x3e9bd1]
C  [jli.dll+0x527b]
C  [ucrtbase.dll+0x1c4ce]
C  [KERNEL32.DLL+0x13034]
C  [ntdll.dll+0x71471]


---------------  P R O C E S S  ---------------

Threads class SMR info:
_java_thread_list=0x00007ffd46787818, length=0, elements={
}

Java Threads: ( => current thread )

Other Threads:
  0x0000020a02338950 GCTaskThread "GC Thread#0" [stack: 0x000000abf1a00000,0x000000abf1b00000] [id=15720]
  0x0000020a0234aae0 ConcurrentGCThread "G1 Main Marker" [stack: 0x000000abf1b00000,0x000000abf1c00000] [id=13152]
  0x0000020a0234b4f0 ConcurrentGCThread "G1 Conc#0" [stack: 0x000000abf1c00000,0x000000abf1d00000] [id=7240]

[error occurred during error reporting (printing all threads), id 0xc0000005, EXCEPTION_ACCESS_VIOLATION (0xc0000005) at pc=0x00007ffd45fd84b7]

VM state: not at safepoint (not fully initialized)

VM Mutex/Monitor currently owned by a thread:  ([mutex/lock_event])
[0x0000020a022e4f20] Heap_lock - owner thread: 0x0000020a022e99e0

Heap address: 0x0000000701c00000, size: 4068 MB, Compressed Oops mode: Zero based, Oop shift amount: 3

CDS archive(s) mapped at: [0x0000000000000000-0x0000000000000000-0x0000000000000000), size 0, SharedBaseAddress: 0x0000000800000000, ArchiveRelocationMode: 0.
Narrow klass base: 0x0000000000000000, Narrow klass shift: 0, Narrow klass range: 0x0

GC Precious Log:
<Empty>

Heap:
 garbage-first heap   total 0K, used 0K [0x0000000701c00000, 0x0000000800000000)
  region size 2048K, 0 young (0K), 0 survivors (0K)

[error occurred during error reporting (printing heap information), id 0xc0000005, EXCEPTION_ACCESS_VIOLATION (0xc0000005) at pc=0x00007ffd463b8d89]

GC Heap History (0 events):
No events

Deoptimization events (0 events):
No events

Classes unloaded (0 events):
No events

Classes redefined (0 events):
No events

Internal exceptions (0 events):
No events

VM Operations (0 events):
No events

Events (1 events):
Event: 0.107 Loaded shared library C:\Users\MiBook\.jdks\openjdk-17.0.1\bin\java.dll


Dynamic libraries:
0x00007ff6bd8c0000 - 0x00007ff6bd8ce000 	C:\Users\MiBook\.jdks\openjdk-17.0.1\bin\java.exe
0x00007ffd9b6a0000 - 0x00007ffd9b881000 	C:\Windows\SYSTEM32\ntdll.dll
0x00007ffd99500000 - 0x00007ffd995b2000 	C:\Windows\System32\KERNEL32.DLL
0x00007ffd98590000 - 0x00007ffd98803000 	C:\Windows\System32\KERNELBASE.dll
0x00007ffd97d80000 - 0x00007ffd97e7a000 	C:\Windows\System32\ucrtbase.dll
0x00007ffd85f70000 - 0x00007ffd85f88000 	C:\Users\MiBook\.jdks\openjdk-17.0.1\bin\jli.dll
0x00007ffd99170000 - 0x00007ffd99300000 	C:\Windows\System32\USER32.dll
0x00007ffd97cc0000 - 0x00007ffd97ce0000 	C:\Windows\System32\win32u.dll
0x00007ffd999c0000 - 0x00007ffd999e8000 	C:\Windows\System32\GDI32.dll
0x00007ffd98860000 - 0x00007ffd989f2000 	C:\Windows\System32\gdi32full.dll
0x00007ffd97ce0000 - 0x00007ffd97d7f000 	C:\Windows\System32\msvcp_win.dll
0x00007ffd85f50000 - 0x00007ffd85f6a000 	C:\Users\MiBook\.jdks\openjdk-17.0.1\bin\VCRUNTIME140.dll
0x00007ffd88660000 - 0x00007ffd888c9000 	C:\Windows\WinSxS\amd64_microsoft.windows.common-controls_6595b64144ccf1df_6.0.17134.407_none_fb449d63306391e9\COMCTL32.dll
0x00007ffd98ba0000 - 0x00007ffd98c3e000 	C:\Windows\System32\msvcrt.dll
0x00007ffd98ca0000 - 0x00007ffd98fc2000 	C:\Windows\System32\combase.dll
0x00007ffd9b440000 - 0x00007ffd9b564000 	C:\Windows\System32\RPCRT4.dll
0x00007ffd98a00000 - 0x00007ffd98a7a000 	C:\Windows\System32\bcryptPrimitives.dll
0x00007ffd9b580000 - 0x00007ffd9b5ad000 	C:\Windows\System32\IMM32.DLL
0x00007ffd85320000 - 0x00007ffd8532c000 	C:\Users\MiBook\.jdks\openjdk-17.0.1\bin\vcruntime140_1.dll
0x00007ffd5db90000 - 0x00007ffd5dc1d000 	C:\Users\MiBook\.jdks\openjdk-17.0.1\bin\msvcp140.dll
0x00007ffd45cf0000 - 0x00007ffd468ae000 	C:\Users\MiBook\.jdks\openjdk-17.0.1\bin\server\jvm.dll
0x00007ffd9b5b0000 - 0x00007ffd9b651000 	C:\Windows\System32\ADVAPI32.dll
0x00007ffd995c0000 - 0x00007ffd9961b000 	C:\Windows\System32\sechost.dll
0x00007ffd98b90000 - 0x00007ffd98b98000 	C:\Windows\System32\PSAPI.DLL
0x00007ffd75120000 - 0x00007ffd75129000 	C:\Windows\SYSTEM32\WSOCK32.dll
0x00007ffd99950000 - 0x00007ffd999bc000 	C:\Windows\System32\WS2_32.dll
0x00007ffd950b0000 - 0x00007ffd950d3000 	C:\Windows\SYSTEM32\WINMM.dll
0x00007ffd8e410000 - 0x00007ffd8e41a000 	C:\Windows\SYSTEM32\VERSION.dll
0x00007ffd94ab0000 - 0x00007ffd94ada000 	C:\Windows\SYSTEM32\WINMMBASE.dll
0x00007ffd98810000 - 0x00007ffd98859000 	C:\Windows\System32\cfgmgr32.dll
0x00007ffd97a30000 - 0x00007ffd97a41000 	C:\Windows\System32\kernel.appcore.dll
0x00007ffd851d0000 - 0x00007ffd851da000 	C:\Users\MiBook\.jdks\openjdk-17.0.1\bin\jimage.dll
0x00007ffd906f0000 - 0x00007ffd908b9000 	C:\Windows\SYSTEM32\DBGHELP.DLL
0x00007ffd906b0000 - 0x00007ffd906d9000 	C:\Windows\SYSTEM32\dbgcore.DLL
0x00007ffd84fd0000 - 0x00007ffd84fde000 	C:\Users\MiBook\.jdks\openjdk-17.0.1\bin\instrument.dll
0x00007ffd721e0000 - 0x00007ffd72205000 	C:\Users\MiBook\.jdks\openjdk-17.0.1\bin\java.dll

dbghelp: loaded successfully - version: 4.0.5 - missing functions: none
symbol engine: initialized successfully - sym options: 0x614 - pdb path: .;C:\Users\MiBook\.jdks\openjdk-17.0.1\bin;C:\Windows\SYSTEM32;C:\Windows\WinSxS\amd64_microsoft.windows.common-controls_6595b64144ccf1df_6.0.17134.407_none_fb449d63306391e9;C:\Users\MiBook\.jdks\openjdk-17.0.1\bin\server

VM Arguments:
jvm_args: -XX:TieredStopAtLevel=1 -Xverify:none -Dspring.output.ansi.enabled=always -javaagent:D:\Idea\IntelliJ IDEA 2021.1.1\lib\idea_rt.jar=40855:D:\Idea\IntelliJ IDEA 2021.1.1\bin -Dcom.sun.management.jmxremote -Dspring.jmx.enabled=true -Dspring.liveBeansView.mbeanDomain -Dspring.application.admin.enabled=true -Dfile.encoding=UTF-8 
java_command: com.video.manager.videoManager.VideoManagerApplication
java_class_path (initial): C:\Users\MiBook\Desktop\videoManager\videoManager\target\classes;C:\Users\MiBook\.m2\repository\org\springframework\boot\spring-boot-starter-web\2.6.1\spring-boot-starter-web-2.6.1.jar;C:\Users\MiBook\.m2\repository\org\springframework\boot\spring-boot-starter\2.6.1\spring-boot-starter-2.6.1.jar;C:\Users\MiBook\.m2\repository\org\springframework\boot\spring-boot\2.6.1\spring-boot-2.6.1.jar;C:\Users\MiBook\.m2\repository\org\springframework\boot\spring-boot-autoconfigure\2.6.1\spring-boot-autoconfigure-2.6.1.jar;C:\Users\MiBook\.m2\repository\org\springframework\boot\spring-boot-starter-logging\2.6.1\spring-boot-starter-logging-2.6.1.jar;C:\Users\MiBook\.m2\repository\ch\qos\logback\logback-classic\1.2.7\logback-classic-1.2.7.jar;C:\Users\MiBook\.m2\repository\ch\qos\logback\logback-core\1.2.7\logback-core-1.2.7.jar;C:\Users\MiBook\.m2\repository\org\apache\logging\log4j\log4j-to-slf4j\2.14.1\log4j-to-slf4j-2.14.1.jar;C:\Users\MiBook\.m2\repository\org\apache\logging\log4j\log4j-api\2.14.1\log4j-api-2.14.1.jar;C:\Users\MiBook\.m2\repository\org\slf4j\jul-to-slf4j\1.7.32\jul-to-slf4j-1.7.32.jar;C:\Users\MiBook\.m2\repository\org\yaml\snakeyaml\1.29\snakeyaml-1.29.jar;C:\Users\MiBook\.m2\repository\org\springframework\boot\spring-boot-starter-json\2.6.1\spring-boot-starter-json-2.6.1.jar;C:\Users\MiBook\.m2\repository\com\fasterxml\jackson\core\jackson-databind\2.13.0\jackson-databind-2.13.0.jar;C:\Users\MiBook\.m2\repository\com\fasterxml\jackson\core\jackson-annotations\2.13.0\jackson-annotations-2.13.0.jar;C:\Users\MiBook\.m2\repository\com\fasterxml\jackson\core\jackson-core\2.13.0\jackson-core-2.13.0.jar;C:\Users\MiBook\.m2\repository\com\fasterxml\jackson\datatype\jackson-datatype-jdk8\2.13.0\jackson-datatype-jdk8-2.13.0.jar;C:\Users\MiBook\.m2\repository\com\fasterxml\jackson\datatype\jackson-datatype-jsr310\2.13.0\jackson-datatype-jsr310-2.13.0.jar;C:\Users\MiBook\.m2\repository\com\fasterxml\jackson\module\jackson-module-parameter-
Launcher Type: SUN_STANDARD

[Global flags]
     intx CICompilerCount                          = 4                                         {product} {ergonomic}
     uint ConcGCThreads                            = 2                                         {product} {ergonomic}
     uint G1ConcRefinementThreads                  = 8                                         {product} {ergonomic}
   size_t G1HeapRegionSize                         = 2097152                                   {product} {ergonomic}
    uintx GCDrainStackTargetSize                   = 64                                        {product} {ergonomic}
   size_t InitialHeapSize                          = 268435456                                 {product} {ergonomic}
     bool ManagementServer                         = true                                      {product} {command line}
   size_t MarkStackSize                            = 4194304                                   {product} {ergonomic}
   size_t MaxHeapSize                              = 4265607168                                {product} {ergonomic}
   size_t MinHeapDeltaBytes                        = 2097152                                   {product} {ergonomic}
   size_t MinHeapSize                              = 8388608                                   {product} {ergonomic}
    uintx NonProfiledCodeHeapSize                  = 0                                      {pd product} {ergonomic}
     bool ProfileInterpreter                       = false                                  {pd product} {command line}
    uintx ProfiledCodeHeapSize                     = 0                                      {pd product} {ergonomic}
   size_t SoftMaxHeapSize                          = 4265607168                             {manageable} {ergonomic}
     intx TieredStopAtLevel                        = 1                                         {product} {command line}
     bool UseCompressedClassPointers               = true                           {product lp64_product} {ergonomic}
     bool UseCompressedOops                        = true                           {product lp64_product} {ergonomic}
     bool UseG1GC                                  = true                                      {product} {ergonomic}
     bool UseLargePagesIndividualAllocation        = false                                  {pd product} {ergonomic}

Logging:
Log output configuration:
 #0: stdout all=warning uptime,level,tags
 #1: stderr all=off uptime,level,tags

Environment Variables:
JAVA_HOME=C:\Program Files\Java\jdk1.8.0_131
CLASSPATH=.;JAVA_HOME%\lib\dt.jar;C:\Program Files\Java\jdk1.8.0_131\lib\tools.jar
PATH=C:\Program Files (x86)\Common Files\Intel\Shared Libraries\redist\intel64\compiler;D:\Oracle\Java\javapath;C:\Program Files (x86)\Intel\iCLS Client\;C:\Program Files\Intel\iCLS Client\;C:\Windows\system32;C:\Windows;C:\Windows\System32\Wbem;C:\Windows\System32\WindowsPowerShell\v1.0\;C:\Program Files (x86)\Intel\Intel(R) Management Engine Components\DAL;C:\Program Files\Intel\Intel(R) Management Engine Components\DAL;C:\Program Files (x86)\Intel\Intel(R) Management Engine Components\IPT;C:\Program Files\Intel\Intel(R) Management Engine Components\IPT;C:\Program Files (x86)\NVIDIA Corporation\PhysX\Common;C:\Windows\system32;C:\Windows;C:\Windows\System32\Wbem;C:\Windows\System32\WindowsPowerShell\v1.0\;C:\Windows\System32\OpenSSH\;C:\Program Files\Java\jdk1.8.0_131\bin;C:\Program Files\Java\jdk1.8.0_131\jre\bin;C:\Program Files\Intel\WiFi\bin\;D:\Intel\WirelessCommon\;D:\mysql\mysql-8.0.25-winx64\bin;am Files\Microsoft SQL Server\130\Tools\Binn\;C:\Program Files\Microsoft\Web Platform Installer\;C:\Program Files (x86)\Microsoft ASP.NET\ASP.NET Web Pages\v1.0\;D:\maven\apache-maven-3.8.1\bin;D:\apache-tomcat-8.5.58-windows-x64\apache-tomcat-8.5.58\lib;D:\apache-tomcat-8.5.58-windows-x64\apache-tomcat-8.5.58\bin;D:\sdk\gradle\bin;D:\sdk\tools;C:\Program Files\Git\cmd;C:\Program Files (x86)\Common Files\ftp\;C:\Program Files (x86)\Windows Kits\8.1\Windows Performance Toolkit\;C:\Program Files\Microsoft SQL Server\110\Tools\Binn\;C:\Program Files (x86)\Google\Chrome;C:\Program Files (x86)\Microsoft SQL Server\110\Tools\Binn\;C:\Program Files (x86)\Microsoft SQL Server\110\DTS\Binn\;C:\Program Files (x86)\Microsoft SQL Server\110\Tools\Binn\ManagementStudio\;C:\Program Files\Microsoft SQL Server\Client SDK\ODBC\170\Tools\Binn\;C:\Program Files (x86)\Microsoft SQL Server\150\Tools\Binn\;C:\Program Files\Microsoft SQL Server\150\Tools\Binn\;C:\Program Files\Microsoft SQL Server\150\DTS\Binn\;C:\Program Files (x86)\Microsoft SQL Server\150\DTS\Binn\;C:\Program Files\Azure
USERNAME=MiBook
OS=Windows_NT
PROCESSOR_IDENTIFIER=Intel64 Family 6 Model 142 Stepping 10, GenuineIntel



---------------  S Y S T E M  ---------------

OS:
 Windows 10 , 64 bit Build 17134 (10.0.17134.1)
OS uptime: 4 days 4:04 hours

CPU: total 8 (initial active 8) (4 cores per cpu, 2 threads per core) family 6 model 142 stepping 10 microcode 0xb4, cx8, cmov, fxsr, ht, mmx, 3dnowpref, sse, sse2, sse3, ssse3, sse4.1, sse4.2, popcnt, lzcnt, tsc, tscinvbit, avx, avx2, aes, erms, clmul, bmi1, bmi2, adx, fma, vzeroupper, clflush, clflushopt

Memory: 4k page, system-wide physical 16268M (3832M free)
TotalPageFile size 16268M (AvailPageFile size 207M)
current process WorkingSet (physical memory assigned to process): 10M, peak: 10M
current process commit charge ("private bytes"): 55M, peak: 311M

vm_info: OpenJDK 64-Bit Server VM (17.0.1+12-39) for windows-amd64 JRE (17.0.1+12-39), built on Sep 27 2021 18:39:29 by "mach5one" with MS VC++ 16.8 (VS2019)

END.
